# JRE version: Java(TM) SE Runtime Environment (7.0_45-b18) (build 1.7.0_45-b18)
# Java VM: Java HotSpot(TM) Client VM (24.45-b08 mixed mode, sharing windows-x86 )
Heap
 def new generation   total 54144K, used 35082K [0x23e50000, 0x27910000, 0x293a0000)
  eden space 48128K,  72% used [0x23e50000, 0x26092a28, 0x26d50000)
  from space 6016K,   0% used [0x26d50000, 0x26d50000, 0x27330000)
  to   space 6016K,   0% used [0x27330000, 0x27330000, 0x27910000)
 tenured generation   total 120200K, used 72118K [0x293a0000, 0x30902000, 0x33e50000)
   the space 120200K,  59% used [0x293a0000, 0x2da0da38, 0x2da0dc00, 0x30902000)
 compacting perm gen  total 12288K, used 6346K [0x33e50000, 0x34a50000, 0x37e50000)
   the space 12288K,  51% used [0x33e50000, 0x344828c0, 0x34482a00, 0x34a50000)
    ro space 10240K,  44% used [0x37e50000, 0x382c7808, 0x382c7a00, 0x38850000)
    rw space 12288K,  52% used [0x38850000, 0x38e9e610, 0x38e9e800, 0x39450000)
GC Heap History (10 events):
Event: 480.649 GC heap before
{Heap before GC invocations=27 (full 1):
 def new generation   total 8448K, used 7549K [0x23e50000, 0x24770000, 0x293a0000)
  eden space 7552K,  99% used [0x23e50000, 0x245af6d8, 0x245b0000)
  from space 896K,   0% used [0x245b0000, 0x245b0000, 0x24690000)
  to   space 896K,   0% used [0x24690000, 0x24690000, 0x24770000)
 tenured generation   total 18564K, used 11136K [0x293a0000, 0x2a5c1000, 0x33e50000)
   the space 18564K,  59% used [0x293a0000, 0x29e80390, 0x29e80400, 0x2a5c1000)
 compacting perm gen  total 12288K, used 6359K [0x33e50000, 0x34a50000, 0x37e50000)
   the space 12288K,  51% used [0x33e50000, 0x34485e00, 0x34485e00, 0x34a50000)
    ro space 10240K,  44% used [0x37e50000, 0x382c7808, 0x382c7a00, 0x38850000)
    rw space 12288K,  52% used [0x38850000, 0x38e9e610, 0x38e9e800, 0x39450000)
Event: 480.656 GC heap after
Heap after GC invocations=28 (full 1):
 def new generation   total 8448K, used 890K [0x23e50000, 0x24770000, 0x293a0000)
  eden space 7552K,   0% used [0x23e50000, 0x23e50000, 0x245b0000)
  from space 896K,  99% used [0x24690000, 0x2476eb38, 0x24770000)
  to   space 896K,   0% used [0x245b0000, 0x245b0000, 0x24690000)
 tenured generation   total 18564K, used 17754K [0x293a0000, 0x2a5c1000, 0x33e50000)
   the space 18564K,  95% used [0x293a0000, 0x2a4f6930, 0x2a4f6a00, 0x2a5c1000)
 compacting perm gen  total 12288K, used 6359K [0x33e50000, 0x34a50000, 0x37e50000)
   the space 12288K,  51% used [0x33e50000, 0x34485e00, 0x34485e00, 0x34a50000)
    ro space 10240K,  44% used [0x37e50000, 0x382c7808, 0x382c7a00, 0x38850000)
    rw space 12288K,  52% used [0x38850000, 0x38e9e610, 0x38e9e800, 0x39450000)
}
Event: 480.658 GC heap before
{Heap before GC invocations=28 (full 1):
 def new generation   total 8448K, used 8437K [0x23e50000, 0x24770000, 0x293a0000)
  eden space 7552K,  99% used [0x23e50000, 0x245aeae8, 0x245b0000)
  from space 896K,  99% used [0x24690000, 0x2476eb38, 0x24770000)
  to   space 896K,   0% used [0x245b0000, 0x245b0000, 0x24690000)
 tenured generation   total 18564K, used 17754K [0x293a0000, 0x2a5c1000, 0x33e50000)
   the space 18564K,  95% used [0x293a0000, 0x2a4f6930, 0x2a4f6a00, 0x2a5c1000)
 compacting perm gen  total 12288K, used 6359K [0x33e50000, 0x34a50000, 0x37e50000)
   the space 12288K,  51% used [0x33e50000, 0x34485e00, 0x34485e00, 0x34a50000)
    ro space 10240K,  44% used [0x37e50000, 0x382c7808, 0x382c7a00, 0x38850000)
    rw space 12288K,  52% used [0x38850000, 0x38e9e610, 0x38e9e800, 0x39450000)
Event: 480.712 GC heap after
Heap after GC invocations=29 (full 2):
 def new generation   total 19072K, used 646K [0x23e50000, 0x25300000, 0x293a0000)
  eden space 16960K,   3% used [0x23e50000, 0x23ef1850, 0x24ee0000)
  from space 2112K,   0% used [0x24ee0000, 0x24ee0000, 0x250f0000)
  to   space 2112K,   0% used [0x250f0000, 0x250f0000, 0x25300000)
 tenured generation   total 42240K, used 25343K [0x293a0000, 0x2bce0000, 0x33e50000)
   the space 42240K,  59% used [0x293a0000, 0x2ac5ff08, 0x2ac60000, 0x2bce0000)
 compacting perm gen  total 12288K, used 6359K [0x33e50000, 0x34a50000, 0x37e50000)
   the space 12288K,  51% used [0x33e50000, 0x34485e00, 0x34485e00, 0x34a50000)
    ro space 10240K,  44% used [0x37e50000, 0x382c7808, 0x382c7a00, 0x38850000)
    rw space 12288K,  52% used [0x38850000, 0x38e9e610, 0x38e9e800, 0x39450000)
}
Event: 480.817 GC heap before
{Heap before GC invocations=29 (full 2):
 def new generation   total 19072K, used 15814K [0x23e50000, 0x25300000, 0x293a0000)
  eden space 16960K,  93% used [0x23e50000, 0x24dc19c0, 0x24ee0000)
  from space 2112K,   0% used [0x24ee0000, 0x24ee0000, 0x250f0000)
  to   space 2112K,   0% used [0x250f0000, 0x250f0000, 0x25300000)
 tenured generation   total 42240K, used 25343K [0x293a0000, 0x2bce0000, 0x33e50000)
   the space 42240K,  59% used [0x293a0000, 0x2ac5ff08, 0x2ac60000, 0x2bce0000)
 compacting perm gen  total 12288K, used 6359K [0x33e50000, 0x34a50000, 0x37e50000)
   the space 12288K,  51% used [0x33e50000, 0x34485e00, 0x34485e00, 0x34a50000)
    ro space 10240K,  44% used [0x37e50000, 0x382c7808, 0x382c7a00, 0x38850000)
    rw space 12288K,  52% used [0x38850000, 0x38e9e610, 0x38e9e800, 0x39450000)
Event: 480.878 GC heap after
Heap after GC invocations=30 (full 3):
 def new generation   total 30912K, used 0K [0x23e50000, 0x25fd0000, 0x293a0000)
  eden space 27520K,   0% used [0x23e50000, 0x23e50000, 0x25930000)
  from space 3392K,   0% used [0x25930000, 0x25930000, 0x25c80000)
  to   space 3392K,   0% used [0x25c80000, 0x25c80000, 0x25fd0000)
 tenured generation   total 68544K, used 41124K [0x293a0000, 0x2d690000, 0x33e50000)
   the space 68544K,  59% used [0x293a0000, 0x2bbc9018, 0x2bbc9200, 0x2d690000)
 compacting perm gen  total 12288K, used 6359K [0x33e50000, 0x34a50000, 0x37e50000)
   the space 12288K,  51% used [0x33e50000, 0x34485e00, 0x34485e00, 0x34a50000)
    ro space 10240K,  44% used [0x37e50000, 0x382c7808, 0x382c7a00, 0x38850000)
    rw space 12288K,  52% used [0x38850000, 0x38e9e610, 0x38e9e800, 0x39450000)
}
Event: 480.937 GC heap before
{Heap before GC invocations=30 (full 3):
 def new generation   total 30912K, used 27513K [0x23e50000, 0x25fd0000, 0x293a0000)
  eden space 27520K,  99% used [0x23e50000, 0x2592e5e8, 0x25930000)
  from space 3392K,   0% used [0x25930000, 0x25930000, 0x25c80000)
  to   space 3392K,   0% used [0x25c80000, 0x25c80000, 0x25fd0000)
 tenured generation   total 100812K, used 73389K [0x293a0000, 0x2f613000, 0x33e50000)
   the space 100812K,  72% used [0x293a0000, 0x2db4b518, 0x2db4b600, 0x2f613000)
 compacting perm gen  total 12288K, used 6359K [0x33e50000, 0x34a50000, 0x37e50000)
   the space 12288K,  51% used [0x33e50000, 0x34485e00, 0x34485e00, 0x34a50000)
    ro space 10240K,  44% used [0x37e50000, 0x382c7808, 0x382c7a00, 0x38850000)
    rw space 12288K,  52% used [0x38850000, 0x38e9e610, 0x38e9e800, 0x39450000)
Event: 480.937 GC heap after
Heap after GC invocations=31 (full 3):
 def new generation   total 30912K, used 0K [0x23e50000, 0x25fd0000, 0x293a0000)
  eden space 27520K,   0% used [0x23e50000, 0x23e50000, 0x25930000)
  from space 3392K,   0% used [0x25c80000, 0x25c80128, 0x25fd0000)
  to   space 3392K,   0% used [0x25930000, 0x25930000, 0x25c80000)
 tenured generation   total 100812K, used 73389K [0x293a0000, 0x2f613000, 0x33e50000)
   the space 100812K,  72% used [0x293a0000, 0x2db4b518, 0x2db4b600, 0x2f613000)
 compacting perm gen  total 12288K, used 6359K [0x33e50000, 0x34a50000, 0x37e50000)
   the space 12288K,  51% used [0x33e50000, 0x34485e00, 0x34485e00, 0x34a50000)
    ro space 10240K,  44% used [0x37e50000, 0x382c7808, 0x382c7a00, 0x38850000)
    rw space 12288K,  52% used [0x38850000, 0x38e9e610, 0x38e9e800, 0x39450000)
}
Event: 480.943 GC heap before
{Heap before GC invocations=31 (full 3):
 def new generation   total 30912K, used 5170K [0x23e50000, 0x25fd0000, 0x293a0000)
  eden space 27520K,  18% used [0x23e50000, 0x2435ca18, 0x25930000)
  from space 3392K,   0% used [0x25c80000, 0x25c80128, 0x25fd0000)
  to   space 3392K,   0% used [0x25930000, 0x25930000, 0x25c80000)
 tenured generation   total 100812K, used 73389K [0x293a0000, 0x2f613000, 0x33e50000)
   the space 100812K,  72% used [0x293a0000, 0x2db4b518, 0x2db4b600, 0x2f613000)
 compacting perm gen  total 12288K, used 6359K [0x33e50000, 0x34a50000, 0x37e50000)
   the space 12288K,  51% used [0x33e50000, 0x34485e00, 0x34485e00, 0x34a50000)
    ro space 10240K,  44% used [0x37e50000, 0x382c7808, 0x382c7a00, 0x38850000)
    rw space 12288K,  52% used [0x38850000, 0x38e9e610, 0x38e9e800, 0x39450000)
Event: 481.024 GC heap after
Heap after GC invocations=32 (full 4):
 def new generation   total 54144K, used 0K [0x23e50000, 0x27910000, 0x293a0000)
  eden space 48128K,   0% used [0x23e50000, 0x23e50000, 0x26d50000)
  from space 6016K,   0% used [0x26d50000, 0x26d50000, 0x27330000)
  to   space 6016K,   0% used [0x27330000, 0x27330000, 0x27910000)
 tenured generation   total 120200K, used 72118K [0x293a0000, 0x30902000, 0x33e50000)
   the space 120200K,  59% used [0x293a0000, 0x2da0da38, 0x2da0dc00, 0x30902000)
 compacting perm gen  total 12288K, used 6341K [0x33e50000, 0x34a50000, 0x37e50000)
   the space 12288K,  51% used [0x33e50000, 0x34481788, 0x34481800, 0x34a50000)
    ro space 10240K,  44% used [0x37e50000, 0x382c7808, 0x382c7a00, 0x38850000)
    rw space 12288K,  52% used [0x38850000, 0x38e9e610, 0x38e9e800, 0x39450000)
}

