# JRE version: Java(TM) SE Runtime Environment (7.0_51-b13) (build 1.7.0_51-b13)
# Java VM: Java HotSpot(TM) Client VM (24.51-b03 mixed mode windows-x86 )
Heap
 def new generation   total 314560K, used 108794K [0x04400000, 0x19950000, 0x19950000)
  eden space 279616K,  26% used [0x04400000, 0x08c1ec10, 0x15510000)
  from space 34944K,  99% used [0x15510000, 0x1772fd78, 0x17730000)
  to   space 34944K,   0% used [0x17730000, 0x17730000, 0x19950000)
 tenured generation   total 699072K, used 238588K [0x19950000, 0x44400000, 0x44400000)
   the space 699072K,  34% used [0x19950000, 0x2824f080, 0x2824f200, 0x44400000)
 compacting perm gen  total 14592K, used 14384K [0x44400000, 0x45240000, 0x48400000)
   the space 14592K,  98% used [0x44400000, 0x4520c3e8, 0x4520c400, 0x45240000)
GC Heap History (8 events):
Event: 68.699 GC heap before
{Heap before GC invocations=0 (full 0):
 def new generation   total 314560K, used 257334K [0x04400000, 0x19950000, 0x19950000)
  eden space 279616K,  92% used [0x04400000, 0x13f4d9d8, 0x15510000)
  from space 34944K,   0% used [0x15510000, 0x15510000, 0x17730000)
  to   space 34944K,   0% used [0x17730000, 0x17730000, 0x19950000)
 tenured generation   total 699072K, used 0K [0x19950000, 0x44400000, 0x44400000)
   the space 699072K,   0% used [0x19950000, 0x19950000, 0x19950200, 0x44400000)
 compacting perm gen  total 14080K, used 14074K [0x44400000, 0x451c0000, 0x48400000)
   the space 14080K,  99% used [0x44400000, 0x451be8a0, 0x451bea00, 0x451c0000)
No shared spaces configured.
Event: 68.816 GC heap after
Heap after GC invocations=1 (full 0):
 def new generation   total 314560K, used 34944K [0x04400000, 0x19950000, 0x19950000)
  eden space 279616K,   0% used [0x04400000, 0x04400000, 0x15510000)
  from space 34944K, 100% used [0x17730000, 0x19950000, 0x19950000)
  to   space 34944K,   0% used [0x15510000, 0x15510000, 0x17730000)
 tenured generation   total 699072K, used 11663K [0x19950000, 0x44400000, 0x44400000)
   the space 699072K,   1% used [0x19950000, 0x1a4b3fb8, 0x1a4b4000, 0x44400000)
 compacting perm gen  total 14080K, used 14074K [0x44400000, 0x451c0000, 0x48400000)
   the space 14080K,  99% used [0x44400000, 0x451be8a0, 0x451bea00, 0x451c0000)
No shared spaces configured.
}
Event: 74.877 GC heap before
{Heap before GC invocations=1 (full 0):
 def new generation   total 314560K, used 314560K [0x04400000, 0x19950000, 0x19950000)
  eden space 279616K, 100% used [0x04400000, 0x15510000, 0x15510000)
  from space 34944K, 100% used [0x17730000, 0x19950000, 0x19950000)
  to   space 34944K,   0% used [0x15510000, 0x15510000, 0x17730000)
 tenured generation   total 699072K, used 11663K [0x19950000, 0x44400000, 0x44400000)
   the space 699072K,   1% used [0x19950000, 0x1a4b3fb8, 0x1a4b4000, 0x44400000)
 compacting perm gen  total 14592K, used 14336K [0x44400000, 0x45240000, 0x48400000)
   the space 14592K,  98% used [0x44400000, 0x452000e0, 0x45200200, 0x45240000)
No shared spaces configured.
Event: 75.003 GC heap after
Heap after GC invocations=2 (full 0):
 def new generation   total 314560K, used 6931K [0x04400000, 0x19950000, 0x19950000)
  eden space 279616K,   0% used [0x04400000, 0x04400000, 0x15510000)
  from space 34944K,  19% used [0x15510000, 0x15bd4e80, 0x17730000)
  to   space 34944K,   0% used [0x17730000, 0x17730000, 0x19950000)
 tenured generation   total 699072K, used 81305K [0x19950000, 0x44400000, 0x44400000)
   the space 699072K,  11% used [0x19950000, 0x1e8b6718, 0x1e8b6800, 0x44400000)
 compacting perm gen  total 14592K, used 14336K [0x44400000, 0x45240000, 0x48400000)
   the space 14592K,  98% used [0x44400000, 0x452000e0, 0x45200200, 0x45240000)
No shared spaces configured.
}
Event: 86.919 GC heap before
{Heap before GC invocations=2 (full 0):
 def new generation   total 314560K, used 276772K [0x04400000, 0x19950000, 0x19950000)
  eden space 279616K,  96% used [0x04400000, 0x14b84218, 0x15510000)
  from space 34944K,  19% used [0x15510000, 0x15bd4e80, 0x17730000)
  to   space 34944K,   0% used [0x17730000, 0x17730000, 0x19950000)
 tenured generation   total 699072K, used 81305K [0x19950000, 0x44400000, 0x44400000)
   the space 699072K,  11% used [0x19950000, 0x1e8b6718, 0x1e8b6800, 0x44400000)
 compacting perm gen  total 14592K, used 14379K [0x44400000, 0x45240000, 0x48400000)
   the space 14592K,  98% used [0x44400000, 0x4520ad88, 0x4520ae00, 0x45240000)
No shared spaces configured.
Event: 86.992 GC heap after
Heap after GC invocations=3 (full 0):
 def new generation   total 314560K, used 34944K [0x04400000, 0x19950000, 0x19950000)
  eden space 279616K,   0% used [0x04400000, 0x04400000, 0x15510000)
  from space 34944K, 100% used [0x17730000, 0x19950000, 0x19950000)
  to   space 34944K,   0% used [0x15510000, 0x15510000, 0x17730000)
 tenured generation   total 699072K, used 104333K [0x19950000, 0x44400000, 0x44400000)
   the space 699072K,  14% used [0x19950000, 0x1ff33678, 0x1ff33800, 0x44400000)
 compacting perm gen  total 14592K, used 14379K [0x44400000, 0x45240000, 0x48400000)
   the space 14592K,  98% used [0x44400000, 0x4520ad88, 0x4520ae00, 0x45240000)
No shared spaces configured.
}
Event: 96.373 GC heap before
{Heap before GC invocations=3 (full 0):
 def new generation   total 314560K, used 306719K [0x04400000, 0x19950000, 0x19950000)
  eden space 279616K,  97% used [0x04400000, 0x14d67f80, 0x15510000)
  from space 34944K, 100% used [0x17730000, 0x19950000, 0x19950000)
  to   space 34944K,   0% used [0x15510000, 0x15510000, 0x17730000)
 tenured generation   total 699072K, used 104333K [0x19950000, 0x44400000, 0x44400000)
   the space 699072K,  14% used [0x19950000, 0x1ff33678, 0x1ff33800, 0x44400000)
 compacting perm gen  total 14592K, used 14379K [0x44400000, 0x45240000, 0x48400000)
   the space 14592K,  98% used [0x44400000, 0x4520adc8, 0x4520ae00, 0x45240000)
No shared spaces configured.
Event: 96.597 GC heap after
Heap after GC invocations=4 (full 0):
 def new generation   total 314560K, used 34943K [0x04400000, 0x19950000, 0x19950000)
  eden space 279616K,   0% used [0x04400000, 0x04400000, 0x15510000)
  from space 34944K,  99% used [0x15510000, 0x1772fd78, 0x17730000)
  to   space 34944K,   0% used [0x17730000, 0x17730000, 0x19950000)
 tenured generation   total 699072K, used 238588K [0x19950000, 0x44400000, 0x44400000)
   the space 699072K,  34% used [0x19950000, 0x2824f080, 0x2824f200, 0x44400000)
 compacting perm gen  total 14592K, used 14379K [0x44400000, 0x45240000, 0x48400000)
   the space 14592K,  98% used [0x44400000, 0x4520adc8, 0x4520ae00, 0x45240000)
No shared spaces configured.
}

