# JRE version: Java(TM) SE Runtime Environment (7.0_45-b18) (build 1.7.0_45-b18)
# Java VM: Java HotSpot(TM) Client VM (24.45-b08 mixed mode, sharing windows-x86 )
Heap
 def new generation   total 54208K, used 36038K [0x23e50000, 0x27920000, 0x293a0000)
  eden space 48192K,  74% used [0x23e50000, 0x26181878, 0x26d60000)
  from space 6016K,   0% used [0x26d60000, 0x26d60000, 0x27340000)
  to   space 6016K,   0% used [0x27340000, 0x27340000, 0x27920000)
 tenured generation   total 120320K, used 72191K [0x293a0000, 0x30920000, 0x33e50000)
   the space 120320K,  59% used [0x293a0000, 0x2da1fd70, 0x2da1fe00, 0x30920000)
 compacting perm gen  total 12288K, used 6325K [0x33e50000, 0x34a50000, 0x37e50000)
   the space 12288K,  51% used [0x33e50000, 0x3447d6a0, 0x3447d800, 0x34a50000)
    ro space 10240K,  44% used [0x37e50000, 0x382c7808, 0x382c7a00, 0x38850000)
    rw space 12288K,  52% used [0x38850000, 0x38e9e610, 0x38e9e800, 0x39450000)
GC Heap History (10 events):
Event: 46.245 GC heap before
{Heap before GC invocations=15 (full 1):
 def new generation   total 7296K, used 7289K [0x23e50000, 0x24630000, 0x293a0000)
  eden space 6528K,  99% used [0x23e50000, 0x244af708, 0x244b0000)
  from space 768K,  99% used [0x24570000, 0x2462ef60, 0x24630000)
  to   space 768K,   0% used [0x244b0000, 0x244b0000, 0x24570000)
 tenured generation   total 16104K, used 15328K [0x293a0000, 0x2a35a000, 0x33e50000)
   the space 16104K,  95% used [0x293a0000, 0x2a298348, 0x2a298400, 0x2a35a000)
 compacting perm gen  total 12288K, used 6332K [0x33e50000, 0x34a50000, 0x37e50000)
   the space 12288K,  51% used [0x33e50000, 0x3447f1d0, 0x3447f200, 0x34a50000)
    ro space 10240K,  44% used [0x37e50000, 0x382c7808, 0x382c7a00, 0x38850000)
    rw space 12288K,  52% used [0x38850000, 0x38e9e610, 0x38e9e800, 0x39450000)
Event: 46.290 GC heap after
Heap after GC invocations=16 (full 2):
 def new generation   total 16448K, used 734K [0x23e50000, 0x25020000, 0x293a0000)
  eden space 14656K,   5% used [0x23e50000, 0x23f07950, 0x24ca0000)
  from space 1792K,   0% used [0x24ca0000, 0x24ca0000, 0x24e60000)
  to   space 1792K,   0% used [0x24e60000, 0x24e60000, 0x25020000)
 tenured generation   total 36432K, used 21858K [0x293a0000, 0x2b734000, 0x33e50000)
   the space 36432K,  59% used [0x293a0000, 0x2a8f89b0, 0x2a8f8a00, 0x2b734000)
 compacting perm gen  total 12288K, used 6332K [0x33e50000, 0x34a50000, 0x37e50000)
   the space 12288K,  51% used [0x33e50000, 0x3447f1d0, 0x3447f200, 0x34a50000)
    ro space 10240K,  44% used [0x37e50000, 0x382c7808, 0x382c7a00, 0x38850000)
    rw space 12288K,  52% used [0x38850000, 0x38e9e610, 0x38e9e800, 0x39450000)
}
Event: 46.296 GC heap before
{Heap before GC invocations=16 (full 2):
 def new generation   total 16448K, used 14649K [0x23e50000, 0x25020000, 0x293a0000)
  eden space 14656K,  99% used [0x23e50000, 0x24c9e408, 0x24ca0000)
  from space 1792K,   0% used [0x24ca0000, 0x24ca0000, 0x24e60000)
  to   space 1792K,   0% used [0x24e60000, 0x24e60000, 0x25020000)
 tenured generation   total 36432K, used 21858K [0x293a0000, 0x2b734000, 0x33e50000)
   the space 36432K,  59% used [0x293a0000, 0x2a8f89b0, 0x2a8f8a00, 0x2b734000)
 compacting perm gen  total 12288K, used 6332K [0x33e50000, 0x34a50000, 0x37e50000)
   the space 12288K,  51% used [0x33e50000, 0x3447f1d0, 0x3447f200, 0x34a50000)
    ro space 10240K,  44% used [0x37e50000, 0x382c7808, 0x382c7a00, 0x38850000)
    rw space 12288K,  52% used [0x38850000, 0x38e9e610, 0x38e9e800, 0x39450000)
Event: 46.314 GC heap after
Heap after GC invocations=17 (full 2):
 def new generation   total 16448K, used 1791K [0x23e50000, 0x25020000, 0x293a0000)
  eden space 14656K,   0% used [0x23e50000, 0x23e50000, 0x24ca0000)
  from space 1792K,  99% used [0x24e60000, 0x2501ff60, 0x25020000)
  to   space 1792K,   0% used [0x24ca0000, 0x24ca0000, 0x24e60000)
 tenured generation   total 36432K, used 34662K [0x293a0000, 0x2b734000, 0x33e50000)
   the space 36432K,  95% used [0x293a0000, 0x2b579a10, 0x2b579c00, 0x2b734000)
 compacting perm gen  total 12288K, used 6332K [0x33e50000, 0x34a50000, 0x37e50000)
   the space 12288K,  51% used [0x33e50000, 0x3447f1d0, 0x3447f200, 0x34a50000)
    ro space 10240K,  44% used [0x37e50000, 0x382c7808, 0x382c7a00, 0x38850000)
    rw space 12288K,  52% used [0x38850000, 0x38e9e610, 0x38e9e800, 0x39450000)
}
Event: 46.415 GC heap before
{Heap before GC invocations=17 (full 2):
 def new generation   total 16448K, used 6305K [0x23e50000, 0x25020000, 0x293a0000)
  eden space 14656K,  30% used [0x23e50000, 0x242b85a8, 0x24ca0000)
  from space 1792K,  99% used [0x24e60000, 0x2501ff60, 0x25020000)
  to   space 1792K,   0% used [0x24ca0000, 0x24ca0000, 0x24e60000)
 tenured generation   total 36432K, used 34662K [0x293a0000, 0x2b734000, 0x33e50000)
   the space 36432K,  95% used [0x293a0000, 0x2b579a10, 0x2b579c00, 0x2b734000)
 compacting perm gen  total 12288K, used 6332K [0x33e50000, 0x34a50000, 0x37e50000)
   the space 12288K,  51% used [0x33e50000, 0x3447f1d0, 0x3447f200, 0x34a50000)
    ro space 10240K,  44% used [0x37e50000, 0x382c7808, 0x382c7a00, 0x38850000)
    rw space 12288K,  52% used [0x38850000, 0x38e9e610, 0x38e9e800, 0x39450000)
Event: 46.466 GC heap after
Heap after GC invocations=18 (full 3):
 def new generation   total 29504K, used 1703K [0x23e50000, 0x25e50000, 0x293a0000)
  eden space 26240K,   6% used [0x23e50000, 0x23ff9e90, 0x257f0000)
  from space 3264K,   0% used [0x257f0000, 0x257f0000, 0x25b20000)
  to   space 3264K,   0% used [0x25b20000, 0x25b20000, 0x25e50000)
 tenured generation   total 65408K, used 39244K [0x293a0000, 0x2d380000, 0x33e50000)
   the space 65408K,  59% used [0x293a0000, 0x2b9f3328, 0x2b9f3400, 0x2d380000)
 compacting perm gen  total 12288K, used 6332K [0x33e50000, 0x34a50000, 0x37e50000)
   the space 12288K,  51% used [0x33e50000, 0x3447f1d0, 0x3447f200, 0x34a50000)
    ro space 10240K,  44% used [0x37e50000, 0x382c7808, 0x382c7a00, 0x38850000)
    rw space 12288K,  52% used [0x38850000, 0x38e9e610, 0x38e9e800, 0x39450000)
}
Event: 46.511 GC heap before
{Heap before GC invocations=18 (full 3):
 def new generation   total 29504K, used 26239K [0x23e50000, 0x25e50000, 0x293a0000)
  eden space 26240K,  99% used [0x23e50000, 0x257efd70, 0x257f0000)
  from space 3264K,   0% used [0x257f0000, 0x257f0000, 0x25b20000)
  to   space 3264K,   0% used [0x25b20000, 0x25b20000, 0x25e50000)
 tenured generation   total 97676K, used 71510K [0x293a0000, 0x2f303000, 0x33e50000)
   the space 97676K,  73% used [0x293a0000, 0x2d975828, 0x2d975a00, 0x2f303000)
 compacting perm gen  total 12288K, used 6332K [0x33e50000, 0x34a50000, 0x37e50000)
   the space 12288K,  51% used [0x33e50000, 0x3447f1d0, 0x3447f200, 0x34a50000)
    ro space 10240K,  44% used [0x37e50000, 0x382c7808, 0x382c7a00, 0x38850000)
    rw space 12288K,  52% used [0x38850000, 0x38e9e610, 0x38e9e800, 0x39450000)
Event: 46.518 GC heap after
Heap after GC invocations=19 (full 3):
 def new generation   total 29504K, used 1704K [0x23e50000, 0x25e50000, 0x293a0000)
  eden space 26240K,   0% used [0x23e50000, 0x23e50000, 0x257f0000)
  from space 3264K,  52% used [0x25b20000, 0x25cca028, 0x25e50000)
  to   space 3264K,   0% used [0x257f0000, 0x257f0000, 0x25b20000)
 tenured generation   total 97676K, used 71510K [0x293a0000, 0x2f303000, 0x33e50000)
   the space 97676K,  73% used [0x293a0000, 0x2d975828, 0x2d975a00, 0x2f303000)
 compacting perm gen  total 12288K, used 6332K [0x33e50000, 0x34a50000, 0x37e50000)
   the space 12288K,  51% used [0x33e50000, 0x3447f1d0, 0x3447f200, 0x34a50000)
    ro space 10240K,  44% used [0x37e50000, 0x382c7808, 0x382c7a00, 0x38850000)
    rw space 12288K,  52% used [0x38850000, 0x38e9e610, 0x38e9e800, 0x39450000)
}
Event: 46.527 GC heap before
{Heap before GC invocations=19 (full 3):
 def new generation   total 29504K, used 10284K [0x23e50000, 0x25e50000, 0x293a0000)
  eden space 26240K,  32% used [0x23e50000, 0x246b1358, 0x257f0000)
  from space 3264K,  52% used [0x25b20000, 0x25cca028, 0x25e50000)
  to   space 3264K,   0% used [0x257f0000, 0x257f0000, 0x25b20000)
 tenured generation   total 97676K, used 71510K [0x293a0000, 0x2f303000, 0x33e50000)
   the space 97676K,  73% used [0x293a0000, 0x2d975828, 0x2d975a00, 0x2f303000)
 compacting perm gen  total 12288K, used 6332K [0x33e50000, 0x34a50000, 0x37e50000)
   the space 12288K,  51% used [0x33e50000, 0x3447f1d0, 0x3447f200, 0x34a50000)
    ro space 10240K,  44% used [0x37e50000, 0x382c7808, 0x382c7a00, 0x38850000)
    rw space 12288K,  52% used [0x38850000, 0x38e9e610, 0x38e9e800, 0x39450000)
Event: 46.613 GC heap after
Heap after GC invocations=20 (full 4):
 def new generation   total 54208K, used 0K [0x23e50000, 0x27920000, 0x293a0000)
  eden space 48192K,   0% used [0x23e50000, 0x23e50000, 0x26d60000)
  from space 6016K,   0% used [0x26d60000, 0x26d60000, 0x27340000)
  to   space 6016K,   0% used [0x27340000, 0x27340000, 0x27920000)
 tenured generation   total 120320K, used 72191K [0x293a0000, 0x30920000, 0x33e50000)
   the space 120320K,  59% used [0x293a0000, 0x2da1fd70, 0x2da1fe00, 0x30920000)
 compacting perm gen  total 12288K, used 6320K [0x33e50000, 0x34a50000, 0x37e50000)
   the space 12288K,  51% used [0x33e50000, 0x3447c3a0, 0x3447c400, 0x34a50000)
    ro space 10240K,  44% used [0x37e50000, 0x382c7808, 0x382c7a00, 0x38850000)
    rw space 12288K,  52% used [0x38850000, 0x38e9e610, 0x38e9e800, 0x39450000)
}

