# JRE version: Java(TM) SE Runtime Environment (7.0_45-b18) (build 1.7.0_45-b18)
# Java VM: Java HotSpot(TM) Client VM (24.45-b08 mixed mode, sharing windows-x86 )
Heap
 def new generation   total 54144K, used 35473K [0x23e50000, 0x27910000, 0x293a0000)
  eden space 48128K,  73% used [0x23e50000, 0x260f4758, 0x26d50000)
  from space 6016K,   0% used [0x26d50000, 0x26d50000, 0x27330000)
  to   space 6016K,   0% used [0x27330000, 0x27330000, 0x27910000)
 tenured generation   total 120284K, used 72168K [0x293a0000, 0x30917000, 0x33e50000)
   the space 120284K,  59% used [0x293a0000, 0x2da1a340, 0x2da1a400, 0x30917000)
 compacting perm gen  total 12288K, used 6287K [0x33e50000, 0x34a50000, 0x37e50000)
   the space 12288K,  51% used [0x33e50000, 0x34473dc8, 0x34473e00, 0x34a50000)
    ro space 10240K,  44% used [0x37e50000, 0x382c7808, 0x382c7a00, 0x38850000)
    rw space 12288K,  52% used [0x38850000, 0x38e9e610, 0x38e9e800, 0x39450000)
GC Heap History (10 events):
Event: 60.136 GC heap before
{Heap before GC invocations=15 (full 1):
 def new generation   total 7296K, used 7286K [0x23e50000, 0x24630000, 0x293a0000)
  eden space 6528K,  99% used [0x23e50000, 0x244aed30, 0x244b0000)
  from space 768K,  99% used [0x24570000, 0x2462ee30, 0x24630000)
  to   space 768K,   0% used [0x244b0000, 0x244b0000, 0x24570000)
 tenured generation   total 16032K, used 15334K [0x293a0000, 0x2a348000, 0x33e50000)
   the space 16032K,  95% used [0x293a0000, 0x2a2998e8, 0x2a299a00, 0x2a348000)
 compacting perm gen  total 12288K, used 6294K [0x33e50000, 0x34a50000, 0x37e50000)
   the space 12288K,  51% used [0x33e50000, 0x34475a58, 0x34475c00, 0x34a50000)
    ro space 10240K,  44% used [0x37e50000, 0x382c7808, 0x382c7a00, 0x38850000)
    rw space 12288K,  52% used [0x38850000, 0x38e9e610, 0x38e9e800, 0x39450000)
Event: 60.181 GC heap after
Heap after GC invocations=16 (full 2):
 def new generation   total 16512K, used 685K [0x23e50000, 0x25030000, 0x293a0000)
  eden space 14720K,   4% used [0x23e50000, 0x23efb4f0, 0x24cb0000)
  from space 1792K,   0% used [0x24cb0000, 0x24cb0000, 0x24e70000)
  to   space 1792K,   0% used [0x24e70000, 0x24e70000, 0x25030000)
 tenured generation   total 36524K, used 21912K [0x293a0000, 0x2b74b000, 0x33e50000)
   the space 36524K,  59% used [0x293a0000, 0x2a9061e8, 0x2a906200, 0x2b74b000)
 compacting perm gen  total 12288K, used 6294K [0x33e50000, 0x34a50000, 0x37e50000)
   the space 12288K,  51% used [0x33e50000, 0x34475a58, 0x34475c00, 0x34a50000)
    ro space 10240K,  44% used [0x37e50000, 0x382c7808, 0x382c7a00, 0x38850000)
    rw space 12288K,  52% used [0x38850000, 0x38e9e610, 0x38e9e800, 0x39450000)
}
Event: 60.187 GC heap before
{Heap before GC invocations=16 (full 2):
 def new generation   total 16512K, used 14720K [0x23e50000, 0x25030000, 0x293a0000)
  eden space 14720K, 100% used [0x23e50000, 0x24cb0000, 0x24cb0000)
  from space 1792K,   0% used [0x24cb0000, 0x24cb0000, 0x24e70000)
  to   space 1792K,   0% used [0x24e70000, 0x24e70000, 0x25030000)
 tenured generation   total 36524K, used 21912K [0x293a0000, 0x2b74b000, 0x33e50000)
   the space 36524K,  59% used [0x293a0000, 0x2a9061e8, 0x2a906200, 0x2b74b000)
 compacting perm gen  total 12288K, used 6294K [0x33e50000, 0x34a50000, 0x37e50000)
   the space 12288K,  51% used [0x33e50000, 0x34475a58, 0x34475c00, 0x34a50000)
    ro space 10240K,  44% used [0x37e50000, 0x382c7808, 0x382c7a00, 0x38850000)
    rw space 12288K,  52% used [0x38850000, 0x38e9e610, 0x38e9e800, 0x39450000)
Event: 60.205 GC heap after
Heap after GC invocations=17 (full 2):
 def new generation   total 16512K, used 1791K [0x23e50000, 0x25030000, 0x293a0000)
  eden space 14720K,   0% used [0x23e50000, 0x23e50000, 0x24cb0000)
  from space 1792K,  99% used [0x24e70000, 0x2502fd98, 0x25030000)
  to   space 1792K,   0% used [0x24cb0000, 0x24cb0000, 0x24e70000)
 tenured generation   total 36524K, used 34834K [0x293a0000, 0x2b74b000, 0x33e50000)
   the space 36524K,  95% used [0x293a0000, 0x2b5a4828, 0x2b5a4a00, 0x2b74b000)
 compacting perm gen  total 12288K, used 6294K [0x33e50000, 0x34a50000, 0x37e50000)
   the space 12288K,  51% used [0x33e50000, 0x34475a58, 0x34475c00, 0x34a50000)
    ro space 10240K,  44% used [0x37e50000, 0x382c7808, 0x382c7a00, 0x38850000)
    rw space 12288K,  52% used [0x38850000, 0x38e9e610, 0x38e9e800, 0x39450000)
}
Event: 60.305 GC heap before
{Heap before GC invocations=17 (full 2):
 def new generation   total 16512K, used 6060K [0x23e50000, 0x25030000, 0x293a0000)
  eden space 14720K,  29% used [0x23e50000, 0x2427b368, 0x24cb0000)
  from space 1792K,  99% used [0x24e70000, 0x2502fd98, 0x25030000)
  to   space 1792K,   0% used [0x24cb0000, 0x24cb0000, 0x24e70000)
 tenured generation   total 36524K, used 34834K [0x293a0000, 0x2b74b000, 0x33e50000)
   the space 36524K,  95% used [0x293a0000, 0x2b5a4828, 0x2b5a4a00, 0x2b74b000)
 compacting perm gen  total 12288K, used 6294K [0x33e50000, 0x34a50000, 0x37e50000)
   the space 12288K,  51% used [0x33e50000, 0x34475a58, 0x34475c00, 0x34a50000)
    ro space 10240K,  44% used [0x37e50000, 0x382c7808, 0x382c7a00, 0x38850000)
    rw space 12288K,  52% used [0x38850000, 0x38e9e610, 0x38e9e800, 0x39450000)
Event: 60.352 GC heap after
Heap after GC invocations=18 (full 3):
 def new generation   total 29376K, used 1781K [0x23e50000, 0x25e30000, 0x293a0000)
  eden space 26112K,   6% used [0x23e50000, 0x2400d698, 0x257d0000)
  from space 3264K,   0% used [0x257d0000, 0x257d0000, 0x25b00000)
  to   space 3264K,   0% used [0x25b00000, 0x25b00000, 0x25e30000)
 tenured generation   total 65140K, used 39082K [0x293a0000, 0x2d33d000, 0x33e50000)
   the space 65140K,  59% used [0x293a0000, 0x2b9cab00, 0x2b9cac00, 0x2d33d000)
 compacting perm gen  total 12288K, used 6294K [0x33e50000, 0x34a50000, 0x37e50000)
   the space 12288K,  51% used [0x33e50000, 0x34475a58, 0x34475c00, 0x34a50000)
    ro space 10240K,  44% used [0x37e50000, 0x382c7808, 0x382c7a00, 0x38850000)
    rw space 12288K,  52% used [0x38850000, 0x38e9e610, 0x38e9e800, 0x39450000)
}
Event: 60.398 GC heap before
{Heap before GC invocations=18 (full 3):
 def new generation   total 29376K, used 26112K [0x23e50000, 0x25e30000, 0x293a0000)
  eden space 26112K, 100% used [0x23e50000, 0x257d0000, 0x257d0000)
  from space 3264K,   0% used [0x257d0000, 0x257d0000, 0x25b00000)
  to   space 3264K,   0% used [0x25b00000, 0x25b00000, 0x25e30000)
 tenured generation   total 97408K, used 71348K [0x293a0000, 0x2f2c0000, 0x33e50000)
   the space 97408K,  73% used [0x293a0000, 0x2d94d000, 0x2d94d000, 0x2f2c0000)
 compacting perm gen  total 12288K, used 6294K [0x33e50000, 0x34a50000, 0x37e50000)
   the space 12288K,  51% used [0x33e50000, 0x34475a58, 0x34475c00, 0x34a50000)
    ro space 10240K,  44% used [0x37e50000, 0x382c7808, 0x382c7a00, 0x38850000)
    rw space 12288K,  52% used [0x38850000, 0x38e9e610, 0x38e9e800, 0x39450000)
Event: 60.405 GC heap after
Heap after GC invocations=19 (full 3):
 def new generation   total 29376K, used 1781K [0x23e50000, 0x25e30000, 0x293a0000)
  eden space 26112K,   0% used [0x23e50000, 0x23e50000, 0x257d0000)
  from space 3264K,  54% used [0x25b00000, 0x25cbd7c0, 0x25e30000)
  to   space 3264K,   0% used [0x257d0000, 0x257d0000, 0x25b00000)
 tenured generation   total 97408K, used 71348K [0x293a0000, 0x2f2c0000, 0x33e50000)
   the space 97408K,  73% used [0x293a0000, 0x2d94d000, 0x2d94d000, 0x2f2c0000)
 compacting perm gen  total 12288K, used 6294K [0x33e50000, 0x34a50000, 0x37e50000)
   the space 12288K,  51% used [0x33e50000, 0x34475a58, 0x34475c00, 0x34a50000)
    ro space 10240K,  44% used [0x37e50000, 0x382c7808, 0x382c7a00, 0x38850000)
    rw space 12288K,  52% used [0x38850000, 0x38e9e610, 0x38e9e800, 0x39450000)
}
Event: 60.414 GC heap before
{Heap before GC invocations=19 (full 3):
 def new generation   total 29376K, used 10165K [0x23e50000, 0x25e30000, 0x293a0000)
  eden space 26112K,  32% used [0x23e50000, 0x2467fce8, 0x257d0000)
  from space 3264K,  54% used [0x25b00000, 0x25cbd7c0, 0x25e30000)
  to   space 3264K,   0% used [0x257d0000, 0x257d0000, 0x25b00000)
 tenured generation   total 97408K, used 71348K [0x293a0000, 0x2f2c0000, 0x33e50000)
   the space 97408K,  73% used [0x293a0000, 0x2d94d000, 0x2d94d000, 0x2f2c0000)
 compacting perm gen  total 12288K, used 6294K [0x33e50000, 0x34a50000, 0x37e50000)
   the space 12288K,  51% used [0x33e50000, 0x34475a58, 0x34475c00, 0x34a50000)
    ro space 10240K,  44% used [0x37e50000, 0x382c7808, 0x382c7a00, 0x38850000)
    rw space 12288K,  52% used [0x38850000, 0x38e9e610, 0x38e9e800, 0x39450000)
Event: 60.497 GC heap after
Heap after GC invocations=20 (full 4):
 def new generation   total 54144K, used 0K [0x23e50000, 0x27910000, 0x293a0000)
  eden space 48128K,   0% used [0x23e50000, 0x23e50000, 0x26d50000)
  from space 6016K,   0% used [0x26d50000, 0x26d50000, 0x27330000)
  to   space 6016K,   0% used [0x27330000, 0x27330000, 0x27910000)
 tenured generation   total 120284K, used 72168K [0x293a0000, 0x30917000, 0x33e50000)
   the space 120284K,  59% used [0x293a0000, 0x2da1a340, 0x2da1a400, 0x30917000)
 compacting perm gen  total 12288K, used 6282K [0x33e50000, 0x34a50000, 0x37e50000)
   the space 12288K,  51% used [0x33e50000, 0x34472bd8, 0x34472c00, 0x34a50000)
    ro space 10240K,  44% used [0x37e50000, 0x382c7808, 0x382c7a00, 0x38850000)
    rw space 12288K,  52% used [0x38850000, 0x38e9e610, 0x38e9e800, 0x39450000)
}

