# JRE version: Java(TM) SE Runtime Environment (7.0_45-b18) (build 1.7.0_45-b18)
# Java VM: Java HotSpot(TM) Client VM (24.45-b08 mixed mode windows-x86 )
Heap
 def new generation   total 54656K, used 17333K [0x034b0000, 0x06ff0000, 0x08a00000)
  eden space 48640K,  34% used [0x034b0000, 0x04531f80, 0x06430000)
  from space 6016K,   7% used [0x06a10000, 0x06a7b4b0, 0x06ff0000)
  to   space 6016K,   0% used [0x06430000, 0x06430000, 0x06a10000)
 tenured generation   total 121196K, used 104980K [0x08a00000, 0x1005b000, 0x134b0000)
   the space 121196K,  86% used [0x08a00000, 0x0f085298, 0x0f085400, 0x1005b000)
 compacting perm gen  total 14336K, used 14108K [0x134b0000, 0x142b0000, 0x174b0000)
   the space 14336K,  98% used [0x134b0000, 0x142771b8, 0x14277200, 0x142b0000)
GC Heap History (10 events):
Event: 49.695 GC heap before
{Heap before GC invocations=31 (full 1):
 def new generation   total 10240K, used 10238K [0x034b0000, 0x03fc0000, 0x08a00000)
  eden space 9152K,  99% used [0x034b0000, 0x03d9ff08, 0x03da0000)
  from space 1088K,  99% used [0x03eb0000, 0x03fbfa58, 0x03fc0000)
  to   space 1088K,   0% used [0x03da0000, 0x03da0000, 0x03eb0000)
 tenured generation   total 22584K, used 21498K [0x08a00000, 0x0a00e000, 0x134b0000)
   the space 22584K,  95% used [0x08a00000, 0x09efea80, 0x09efec00, 0x0a00e000)
 compacting perm gen  total 14080K, used 14075K [0x134b0000, 0x14270000, 0x174b0000)
   the space 14080K,  99% used [0x134b0000, 0x1426eeb8, 0x1426f000, 0x14270000)
No shared spaces configured.
Event: 49.745 GC heap after
Heap after GC invocations=32 (full 2):
 def new generation   total 23040K, used 1076K [0x034b0000, 0x04db0000, 0x08a00000)
  eden space 20480K,   5% used [0x034b0000, 0x035bd330, 0x048b0000)
  from space 2560K,   0% used [0x048b0000, 0x048b0000, 0x04b30000)
  to   space 2560K,   0% used [0x04b30000, 0x04b30000, 0x04db0000)
 tenured generation   total 51072K, used 30641K [0x08a00000, 0x0bbe0000, 0x134b0000)
   the space 51072K,  59% used [0x08a00000, 0x0a7ec670, 0x0a7ec800, 0x0bbe0000)
 compacting perm gen  total 14080K, used 14075K [0x134b0000, 0x14270000, 0x174b0000)
   the space 14080K,  99% used [0x134b0000, 0x1426eeb8, 0x1426f000, 0x14270000)
No shared spaces configured.
}
Event: 49.847 GC heap before
{Heap before GC invocations=32 (full 2):
 def new generation   total 23040K, used 10972K [0x034b0000, 0x04db0000, 0x08a00000)
  eden space 20480K,  53% used [0x034b0000, 0x03f67230, 0x048b0000)
  from space 2560K,   0% used [0x048b0000, 0x048b0000, 0x04b30000)
  to   space 2560K,   0% used [0x04b30000, 0x04b30000, 0x04db0000)
 tenured generation   total 51072K, used 30641K [0x08a00000, 0x0bbe0000, 0x134b0000)
   the space 51072K,  59% used [0x08a00000, 0x0a7ec670, 0x0a7ec800, 0x0bbe0000)
 compacting perm gen  total 14080K, used 14075K [0x134b0000, 0x14270000, 0x174b0000)
   the space 14080K,  99% used [0x134b0000, 0x1426eeb8, 0x1426f000, 0x14270000)
No shared spaces configured.
Event: 49.910 GC heap after
Heap after GC invocations=33 (full 3):
 def new generation   total 31232K, used 0K [0x034b0000, 0x05690000, 0x08a00000)
  eden space 27776K,   0% used [0x034b0000, 0x034b0000, 0x04fd0000)
  from space 3456K,   0% used [0x04fd0000, 0x04fd0000, 0x05330000)
  to   space 3456K,   0% used [0x05330000, 0x05330000, 0x05690000)
 tenured generation   total 69312K, used 41586K [0x08a00000, 0x0cdb0000, 0x134b0000)
   the space 69312K,  59% used [0x08a00000, 0x0b29c850, 0x0b29ca00, 0x0cdb0000)
 compacting perm gen  total 14080K, used 14075K [0x134b0000, 0x14270000, 0x174b0000)
   the space 14080K,  99% used [0x134b0000, 0x1426eeb8, 0x1426f000, 0x14270000)
No shared spaces configured.
}
Event: 49.964 GC heap before
{Heap before GC invocations=33 (full 3):
 def new generation   total 31232K, used 27776K [0x034b0000, 0x05690000, 0x08a00000)
  eden space 27776K, 100% used [0x034b0000, 0x04fd0000, 0x04fd0000)
  from space 3456K,   0% used [0x04fd0000, 0x04fd0000, 0x05330000)
  to   space 3456K,   0% used [0x05330000, 0x05330000, 0x05690000)
 tenured generation   total 101580K, used 73851K [0x08a00000, 0x0ed33000, 0x134b0000)
   the space 101580K,  72% used [0x08a00000, 0x0d21ed50, 0x0d21ee00, 0x0ed33000)
 compacting perm gen  total 14080K, used 14075K [0x134b0000, 0x14270000, 0x174b0000)
   the space 14080K,  99% used [0x134b0000, 0x1426eeb8, 0x1426f000, 0x14270000)
No shared spaces configured.
Event: 49.965 GC heap after
Heap after GC invocations=34 (full 3):
 def new generation   total 31232K, used 0K [0x034b0000, 0x05690000, 0x08a00000)
  eden space 27776K,   0% used [0x034b0000, 0x034b0000, 0x04fd0000)
  from space 3456K,   0% used [0x05330000, 0x05330128, 0x05690000)
  to   space 3456K,   0% used [0x04fd0000, 0x04fd0000, 0x05330000)
 tenured generation   total 101580K, used 73851K [0x08a00000, 0x0ed33000, 0x134b0000)
   the space 101580K,  72% used [0x08a00000, 0x0d21ed50, 0x0d21ee00, 0x0ed33000)
 compacting perm gen  total 14080K, used 14075K [0x134b0000, 0x14270000, 0x174b0000)
   the space 14080K,  99% used [0x134b0000, 0x1426eeb8, 0x1426f000, 0x14270000)
No shared spaces configured.
}
Event: 49.970 GC heap before
{Heap before GC invocations=34 (full 3):
 def new generation   total 31232K, used 5382K [0x034b0000, 0x05690000, 0x08a00000)
  eden space 27776K,  19% used [0x034b0000, 0x039f16e0, 0x04fd0000)
  from space 3456K,   0% used [0x05330000, 0x05330128, 0x05690000)
  to   space 3456K,   0% used [0x04fd0000, 0x04fd0000, 0x05330000)
 tenured generation   total 101580K, used 73851K [0x08a00000, 0x0ed33000, 0x134b0000)
   the space 101580K,  72% used [0x08a00000, 0x0d21ed50, 0x0d21ee00, 0x0ed33000)
 compacting perm gen  total 14080K, used 14075K [0x134b0000, 0x14270000, 0x174b0000)
   the space 14080K,  99% used [0x134b0000, 0x1426eeb8, 0x1426f000, 0x14270000)
No shared spaces configured.
Event: 50.057 GC heap after
Heap after GC invocations=35 (full 4):
 def new generation   total 54656K, used 0K [0x034b0000, 0x06ff0000, 0x08a00000)
  eden space 48640K,   0% used [0x034b0000, 0x034b0000, 0x06430000)
  from space 6016K,   0% used [0x06430000, 0x06430000, 0x06a10000)
  to   space 6016K,   0% used [0x06a10000, 0x06a10000, 0x06ff0000)
 tenured generation   total 121196K, used 72715K [0x08a00000, 0x1005b000, 0x134b0000)
   the space 121196K,  59% used [0x08a00000, 0x0d102d98, 0x0d102e00, 0x1005b000)
 compacting perm gen  total 14080K, used 14059K [0x134b0000, 0x14270000, 0x174b0000)
   the space 14080K,  99% used [0x134b0000, 0x1426afc8, 0x1426b000, 0x14270000)
No shared spaces configured.
}
Event: 98.515 GC heap before
{Heap before GC invocations=35 (full 4):
 def new generation   total 54656K, used 48640K [0x034b0000, 0x06ff0000, 0x08a00000)
  eden space 48640K, 100% used [0x034b0000, 0x06430000, 0x06430000)
  from space 6016K,   0% used [0x06430000, 0x06430000, 0x06a10000)
  to   space 6016K,   0% used [0x06a10000, 0x06a10000, 0x06ff0000)
 tenured generation   total 121196K, used 72715K [0x08a00000, 0x1005b000, 0x134b0000)
   the space 121196K,  59% used [0x08a00000, 0x0d102d98, 0x0d102e00, 0x1005b000)
 compacting perm gen  total 14336K, used 14108K [0x134b0000, 0x142b0000, 0x174b0000)
   the space 14336K,  98% used [0x134b0000, 0x14277198, 0x14277200, 0x142b0000)
No shared spaces configured.
Event: 98.559 GC heap after
Heap after GC invocations=36 (full 4):
 def new generation   total 54656K, used 429K [0x034b0000, 0x06ff0000, 0x08a00000)
  eden space 48640K,   0% used [0x034b0000, 0x034b0000, 0x06430000)
  from space 6016K,   7% used [0x06a10000, 0x06a7b4b0, 0x06ff0000)
  to   space 6016K,   0% used [0x06430000, 0x06430000, 0x06a10000)
 tenured generation   total 121196K, used 104980K [0x08a00000, 0x1005b000, 0x134b0000)
   the space 121196K,  86% used [0x08a00000, 0x0f085298, 0x0f085400, 0x1005b000)
 compacting perm gen  total 14336K, used 14108K [0x134b0000, 0x142b0000, 0x174b0000)
   the space 14336K,  98% used [0x134b0000, 0x14277198, 0x14277200, 0x142b0000)
No shared spaces configured.
}

